<?xml version="1.0" encoding="UTF-8"?>
<!-- Generated by org.testng.reporters.JUnitReportReporter -->
<testsuite hostname="CORE-PC" name="tests.OptimizedBills" tests="2" failures="0" timestamp="26 Feb 2016 03:30:57 GMT" time="605.643" errors="0">
  <testcase name="nullifyBills" time="52.327" classname="tests.OptimizedBills"/>
  <testcase name="ListBills" time="553.316" classname="tests.OptimizedBills"/>
</testsuite> <!-- tests.OptimizedBills -->
