<?xml version="1.0" encoding="UTF-8"?>
<!-- Generated by org.testng.reporters.JUnitReportReporter -->
<testsuite hostname="CORE-PC" name="tests.BillsInsurance" tests="1" failures="0" timestamp="19 Sep 2016 15:15:46 GMT" time="98.299" errors="0">
  <testcase name="InsurancePreAuth" time="98.299" classname="tests.BillsInsurance"/>
</testsuite> <!-- tests.BillsInsurance -->
