<?xml version="1.0" encoding="UTF-8"?>
<!-- Generated by org.testng.reporters.JUnitReportReporter -->
<testsuite hostname="LH7U0CNU31897WR" name="tests.Test1" tests="1" failures="0" timestamp="6 Jan 2016 06:51:35 GMT" time="131.872" errors="0">
  <testcase name="TCBI201" time="131.872" classname="tests.Test1"/>
</testsuite> <!-- tests.Test1 -->
