<?xml version="1.0" encoding="UTF-8"?>
<!-- Generated by org.testng.reporters.JUnitReportReporter -->
<testsuite hostname="CORE-PC" name="tests.clinical.Events" tests="1" failures="0" timestamp="6 Aug 2016 15:56:01 GMT" time="78.459" errors="0">
  <testcase name="verifyNewEvents" time="78.459" classname="tests.clinical.Events"/>
</testsuite> <!-- tests.clinical.Events -->
