<?xml version="1.0" encoding="UTF-8"?>
<!-- Generated by org.testng.reporters.JUnitReportReporter -->
<testsuite hostname="CORE-PC" name="tests.clinical.MonthlyClinicalReportTest" tests="1" failures="0" timestamp="6 Aug 2016 15:56:01 GMT" time="167.007" errors="0">
  <testcase name="verifyDailyQualityReports" time="167.007" classname="tests.clinical.MonthlyClinicalReportTest"/>
</testsuite> <!-- tests.clinical.MonthlyClinicalReportTest -->
