<?xml version="1.0" encoding="UTF-8"?>
<!-- Generated by org.testng.reporters.JUnitReportReporter -->
<testsuite hostname="CORE-PC" name="tests.RevenueReports" tests="1" failures="0" timestamp="26 Feb 2016 03:30:57 GMT" time="216.438" errors="0">
  <testcase name="ReportSummary" time="216.438" classname="tests.RevenueReports"/>
</testsuite> <!-- tests.RevenueReports -->
