<?xml version="1.0" encoding="UTF-8"?>
<!-- Generated by org.testng.reporters.JUnitReportReporter -->
<testsuite hostname="CORE-PC" name="tests.Bills_Rate_Plans" tests="1" failures="0" timestamp="31 Jan 2016 16:05:58 GMT" time="126.460" errors="0">
  <testcase name="centerRatePlan" time="126.460" classname="tests.Bills_Rate_Plans"/>
</testsuite> <!-- tests.Bills_Rate_Plans -->
