<?xml version="1.0" encoding="UTF-8"?>
<!-- Generated by org.testng.reporters.JUnitReportReporter -->
<testsuite hostname="CORE-PC" name="tests.BillsSng" tests="1" failures="0" timestamp="18 Feb 2016 17:02:34 GMT" time="15.048" errors="0">
  <testcase name="sngSubmissionVerification" time="15.048" classname="tests.BillsSng"/>
</testsuite> <!-- tests.BillsSng -->
