<?xml version="1.0" encoding="UTF-8"?>
<!-- Generated by org.testng.reporters.JUnitReportReporter -->
<testsuite hostname="CORE-PC" name="tests.clinical.Investigations" tests="1" failures="0" timestamp="6 Aug 2016 15:56:01 GMT" time="88.708" errors="0">
  <testcase name="verifyNewInvestigation" time="88.708" classname="tests.clinical.Investigations"/>
</testsuite> <!-- tests.clinical.Investigations -->
