<?xml version="1.0" encoding="UTF-8"?>
<!-- Generated by org.testng.reporters.JUnitReportReporter -->
<testsuite hostname="CORE-PC" name="tests.inventory.InventoryIndent" tests="1" failures="0" timestamp="19 Sep 2016 15:48:52 GMT" time="117.200" errors="0">
  <testcase name="newIndentVerify" time="117.200" classname="tests.inventory.InventoryIndent"/>
</testsuite> <!-- tests.inventory.InventoryIndent -->
