<?xml version="1.0" encoding="UTF-8"?>
<!-- Generated by org.testng.reporters.JUnitReportReporter -->
<testsuite hostname="CORE-PC" name="tests.BillsReports" tests="1" failures="0" timestamp="26 Feb 2016 03:30:57 GMT" time="36.251" errors="0">
  <testcase name="esicRevenuereport" time="36.251" classname="tests.BillsReports"/>
</testsuite> <!-- tests.BillsReports -->
