<?xml version="1.0" encoding="UTF-8"?>
<!-- Generated by org.testng.reporters.JUnitReportReporter -->
<testsuite skipped="2" hostname="CORE-PC" name="tests.BillsEdit" tests="2" failures="0" timestamp="23 Nov 2017 02:55:15 GMT" time="0.000" errors="0">
  <testcase name="editBillsPaymentType" time="0.000" classname="tests.BillsEdit">
    <skipped/>
  </testcase> <!-- editBillsPaymentType -->
  <testcase name="editBillsDateQty" time="0.000" classname="tests.BillsEdit">
    <skipped/>
  </testcase> <!-- editBillsDateQty -->
</testsuite> <!-- tests.BillsEdit -->
