<?xml version="1.0" encoding="UTF-8"?>
<!-- Generated by org.testng.reporters.JUnitReportReporter -->
<testsuite hostname="CORE-PC" name="tests.clinical.OutcomeDataTest" tests="1" failures="0" timestamp="6 Aug 2016 15:56:01 GMT" time="271.128" errors="0">
  <testcase name="verifyOutcomeData" time="271.128" classname="tests.clinical.OutcomeDataTest"/>
</testsuite> <!-- tests.clinical.OutcomeDataTest -->
