<?xml version="1.0" encoding="UTF-8"?>
<!-- Generated by org.testng.reporters.JUnitReportReporter -->
<testsuite hostname="CORE-PC" name="tests.RevenueReportMonthly" tests="1" failures="0" timestamp="19 Sep 2016 14:30:42 GMT" time="426.070" errors="0">
  <testcase name="ReportSummary" time="426.070" classname="tests.RevenueReportMonthly"/>
</testsuite> <!-- tests.RevenueReportMonthly -->
