<?xml version="1.0" encoding="UTF-8"?>
<!-- Generated by org.testng.reporters.JUnitReportReporter -->
<testsuite hostname="CORE-PC" name="tests.BillsVerifyAddBillPage" tests="1" failures="0" timestamp="19 Sep 2016 16:42:46 GMT" time="113.123" errors="0">
  <testcase name="verifyAddBillPage" time="113.123" classname="tests.BillsVerifyAddBillPage"/>
</testsuite> <!-- tests.BillsVerifyAddBillPage -->
