<?xml version="1.0" encoding="UTF-8"?>
<!-- Generated by org.testng.reporters.JUnitReportReporter -->
<testsuite hostname="CORE-PC" name="tests.VerifyAddBillPage" tests="1" failures="0" timestamp="17 May 2016 03:11:46 GMT" time="186.776" errors="0">
  <testcase name="verifyAddBillPage" time="186.776" classname="tests.VerifyAddBillPage"/>
</testsuite> <!-- tests.VerifyAddBillPage -->
