<?xml version="1.0" encoding="UTF-8"?>
<!-- Generated by org.testng.reporters.JUnitReportReporter -->
<testsuite hostname="CORE-PC" name="tests.clinical.Prescriptions" tests="1" failures="0" timestamp="6 Aug 2016 16:32:51 GMT" time="84.410" errors="0">
  <testcase name="verifyNewPrescription" time="84.410" classname="tests.clinical.Prescriptions"/>
</testsuite> <!-- tests.clinical.Prescriptions -->
