<?xml version="1.0" encoding="UTF-8"?>
<!-- Generated by org.testng.reporters.JUnitReportReporter -->
<testsuite hostname="CORE-PC" name="tests.BillsEditBillDate" tests="1" failures="0" timestamp="19 Sep 2016 14:30:42 GMT" time="74.455" errors="0">
  <testcase name="editBillsDate" time="74.455" classname="tests.BillsEditBillDate"/>
</testsuite> <!-- tests.BillsEditBillDate -->
