<?xml version="1.0" encoding="UTF-8"?>
<!-- Generated by org.testng.reporters.JUnitReportReporter -->
<testsuite hostname="CORE-PC" name="tests.BillsServices" tests="1" failures="0" timestamp="26 Feb 2016 03:30:57 GMT" time="82.877" errors="0">
  <testcase name="CreateServices" time="82.877" classname="tests.BillsServices"/>
</testsuite> <!-- tests.BillsServices -->
