<?xml version="1.0" encoding="UTF-8"?>
<!-- Generated by org.testng.reporters.JUnitReportReporter -->
<testsuite hostname="CORE-PC" name="tests.BillsRatePlans" tests="3" failures="0" timestamp="26 Feb 2016 03:30:57 GMT" time="215.422" errors="0">
  <testcase name="ListRatePlan" time="33.497" classname="tests.BillsRatePlans"/>
  <testcase name="CreateRatePlan" time="102.581" classname="tests.BillsRatePlans"/>
  <testcase name="EditRatePlan" time="79.344" classname="tests.BillsRatePlans"/>
</testsuite> <!-- tests.BillsRatePlans -->
