<?xml version="1.0" encoding="UTF-8"?>
<!-- Generated by org.testng.reporters.JUnitReportReporter -->
<testsuite hostname="CORE-PC" name="tests.BillsNewInsurance" tests="1" failures="0" timestamp="19 Sep 2016 15:15:46 GMT" time="99.836" errors="0">
  <testcase name="BillInsuranceFunctionality" time="99.836" classname="tests.BillsNewInsurance"/>
</testsuite> <!-- tests.BillsNewInsurance -->
