<?xml version="1.0" encoding="UTF-8"?>
<!-- Generated by org.testng.reporters.JUnitReportReporter -->
<testsuite hostname="CORE-PC" name="tests.rateplanSpecific.PaymentModeVerify" tests="1" failures="0" timestamp="19 Sep 2016 16:42:46 GMT" time="150.194" errors="0">
  <testcase name="verifyPaymentMode" time="150.194" classname="tests.rateplanSpecific.PaymentModeVerify"/>
</testsuite> <!-- tests.rateplanSpecific.PaymentModeVerify -->
