<?xml version="1.0" encoding="UTF-8"?>
<!-- Generated by org.testng.reporters.JUnitReportReporter -->
<testsuite hostname="CORE-PC" name="tests.BillsCenterMessages" tests="1" failures="0" timestamp="25 Mar 2016 09:23:44 GMT" time="32.163" errors="0">
  <testcase name="updateCenterBillMessage" time="32.163" classname="tests.BillsCenterMessages"/>
</testsuite> <!-- tests.BillsCenterMessages -->
