<?xml version="1.0" encoding="UTF-8"?>
<!-- Generated by org.testng.reporters.JUnitReportReporter -->
<testsuite hostname="CORE-PC" name="tests.clinical.MonthlyClinicalSummaryTest" tests="1" failures="0" timestamp="6 Aug 2016 15:56:01 GMT" time="133.278" errors="0">
  <testcase name="verifyDailyQualityReports" time="133.278" classname="tests.clinical.MonthlyClinicalSummaryTest"/>
</testsuite> <!-- tests.clinical.MonthlyClinicalSummaryTest -->
