<?xml version="1.0" encoding="UTF-8"?>
<!-- Generated by org.testng.reporters.JUnitReportReporter -->
<testsuite hostname="CORE-PC" name="tests.Bills_Reports" tests="1" failures="0" timestamp="9 Feb 2016 04:15:07 GMT" time="318.326" errors="0">
  <testcase name="newRevenuereport" time="318.326" classname="tests.Bills_Reports"/>
</testsuite> <!-- tests.Bills_Reports -->
