<?xml version="1.0" encoding="UTF-8"?>
<!-- Generated by org.testng.reporters.JUnitReportReporter -->
<testsuite hostname="LH7U0CNU31897WR" name="tests.Test2" tests="2" failures="0" timestamp="9 Jan 2016 10:20:34 GMT" time="173.948" errors="0">
  <testcase name="CreateServices" time="91.488" classname="tests.Test2"/>
  <testcase name="ListServices" time="82.460" classname="tests.Test2"/>
</testsuite> <!-- tests.Test2 -->
