<?xml version="1.0" encoding="UTF-8"?>
<!-- Generated by org.testng.reporters.JUnitReportReporter -->
<testsuite skipped="0" hostname="CORE-PC" name="tests.inventory.InventoryPO" tests="1" failures="0" timestamp="4 Dec 2016 04:55:55 GMT" time="57.733" errors="0">
  <testcase name="newIndentVerify" time="57.733" classname="tests.inventory.InventoryPO"/>
</testsuite> <!-- tests.inventory.InventoryPO -->
