<?xml version="1.0" encoding="UTF-8"?>
<!-- Generated by org.testng.reporters.JUnitReportReporter -->
<testsuite hostname="CORE-PC" name="tests.clinical.LongitudinalDataTest" tests="1" failures="0" timestamp="6 Aug 2016 16:43:58 GMT" time="75.556" errors="0">
  <testcase name="verifyLongitudinalData" time="75.556" classname="tests.clinical.LongitudinalDataTest"/>
</testsuite> <!-- tests.clinical.LongitudinalDataTest -->
