<?xml version="1.0" encoding="UTF-8"?>
<!-- Generated by org.testng.reporters.JUnitReportReporter -->
<testsuite hostname="CORE-PC" name="tests.BillsNewErrorValidation" tests="1" failures="0" timestamp="19 Sep 2016 16:42:46 GMT" time="133.716" errors="0">
  <testcase name="NewBills" time="133.716" classname="tests.BillsNewErrorValidation"/>
</testsuite> <!-- tests.BillsNewErrorValidation -->
