<?xml version="1.0" encoding="UTF-8"?>
<!-- Generated by org.testng.reporters.JUnitReportReporter -->
<testsuite hostname="CORE-PC" name="tests.BillsPackages" tests="1" failures="0" timestamp="27 Feb 2016 06:15:08 GMT" time="116.814" errors="0">
  <testcase name="AddPackages" time="116.814" classname="tests.BillsPackages"/>
</testsuite> <!-- tests.BillsPackages -->
