<?xml version="1.0" encoding="UTF-8"?>
<!-- Generated by org.testng.reporters.JUnitReportReporter -->
<testsuite hostname="CORE-PC" name="tests.sample" tests="1" failures="0" timestamp="23 Nov 2017 03:33:44 GMT" time="5.268" errors="0">
  <testcase name="test1" time="5.268" classname="tests.sample"/>
</testsuite> <!-- tests.sample -->
